<?xml version="1.0" encoding="UTF-8"?>
<testsuites>
  <testsuite name="" tests="1" assertions="1" errors="0" warnings="0" failures="0" skipped="0" time="0.057504">
    <testsuite name="Application Test Suite" tests="1" assertions="1" errors="0" warnings="0" failures="0" skipped="0" time="0.057504">
      <testsuite name="test\ExampleTest" file="/Users/gustavomendes/Documents/develop/blog-gustamms/tests/ExampleTest.php" tests="1" assertions="1" errors="0" warnings="0" failures="0" skipped="0" time="0.057504">
        <testcase name="testExample" class="test\ExampleTest" classname="test.ExampleTest" file="/Users/gustavomendes/Documents/develop/blog-gustamms/tests/ExampleTest.php" line="15" assertions="1" time="0.057504"/>
      </testsuite>
    </testsuite>
  </testsuite>
</testsuites>
